<?xml version="1.0" encoding="UTF-8"?>
<!-- Generated by org.testng.reporters.JUnitReportReporter -->
<testsuite hostname="DESKTOP-R49C7ER" failures="0" tests="1" name="Automation.Selenium.draganddrop" time="0.316" errors="0" timestamp="2021-02-13T17:11:03 EET" skipped="0">
  <testcase classname="Automation.Selenium.draganddrop" name="doubleclickk" time="0.316"/>
  <system-out/>
</testsuite> <!-- Automation.Selenium.draganddrop -->
