<?xml version="1.0" encoding="UTF-8"?>
<!-- Generated by org.testng.reporters.JUnitReportReporter -->
<testsuite hostname="DESKTOP-R49C7ER" failures="0" tests="1" name="Automation.Selenium.alert" time="0.165" errors="0" timestamp="2021-02-13T17:37:00 EET" skipped="0">
  <testcase classname="Automation.Selenium.alert" name="alertv" time="0.165"/>
  <system-out/>
</testsuite> <!-- Automation.Selenium.alert -->
