<?xml version="1.0" encoding="UTF-8"?>
<!-- Generated by org.testng.reporters.JUnitReportReporter -->
<testsuite hostname="DESKTOP-R49C7ER" failures="0" tests="1" name="Automation.Selenium.findelements$BYid" time="0.847" errors="0" timestamp="2021-02-10T17:55:54 EET" skipped="0">
  <testcase classname="Automation.Selenium.findelements$BYid" name="find" time="0.847"/>
  <system-out/>
</testsuite> <!-- Automation.Selenium.findelements$BYid -->
