<?xml version="1.0" encoding="UTF-8"?>
<!-- Generated by org.testng.reporters.JUnitReportReporter -->
<testsuite hostname="DESKTOP-R49C7ER" failures="0" tests="2" name="Automation.Selenium.handleWindow" time="4.685" errors="0" timestamp="2021-02-16T00:05:06 EET" skipped="0">
  <testcase classname="Automation.Selenium.handleWindow" name="currentwindowid2" time="2.380"/>
  <system-out/>
  <testcase classname="Automation.Selenium.handleWindow" name="alertv" time="2.305"/>
  <system-out/>
</testsuite> <!-- Automation.Selenium.handleWindow -->
