<?xml version="1.0" encoding="UTF-8"?>
<!-- Generated by org.testng.reporters.JUnitReportReporter -->
<testsuite hostname="DESKTOP-R49C7ER" failures="0" tests="1" name="Automation.Selenium.cookieesss" time="0.761" errors="0" timestamp="2021-02-16T22:19:34 EET" skipped="0">
  <testcase classname="Automation.Selenium.cookieesss" name="cokiee" time="0.761"/>
  <system-out/>
</testsuite> <!-- Automation.Selenium.cookieesss -->
