<?xml version="1.0" encoding="UTF-8"?>
<!-- Generated by org.testng.reporters.JUnitReportReporter -->
<testsuite hostname="DESKTOP-R49C7ER" failures="0" tests="1" name="Automation.Selenium.checkout" time="51.078" errors="0" timestamp="2021-04-22T23:25:53 EET" skipped="0">
  <testcase classname="Automation.Selenium.checkout" name="checkoutpage" time="51.078"/>
  <system-out/>
</testsuite> <!-- Automation.Selenium.checkout -->
