<?xml version="1.0" encoding="UTF-8"?>
<!-- Generated by org.testng.reporters.JUnitReportReporter -->
<testsuite hostname="DESKTOP-R49C7ER" failures="0" tests="1" name="Automation.Selenium.createaccount" time="13.170" errors="0" timestamp="2021-04-22T23:24:26 EET" skipped="0">
  <testcase classname="Automation.Selenium.createaccount" name="Registeration" time="13.170"/>
  <system-out/>
</testsuite> <!-- Automation.Selenium.createaccount -->
