<?xml version="1.0" encoding="UTF-8"?>
<!-- Generated by org.testng.reporters.JUnitReportReporter -->
<testsuite hostname="DESKTOP-R49C7ER" failures="0" tests="1" name="Automation.Selenium.workingwithimplicitwait" time="0.442" errors="0" timestamp="2021-04-22T05:03:58 EET" skipped="0">
  <testcase classname="Automation.Selenium.workingwithimplicitwait" name="implicitwaite" time="0.442"/>
  <system-out/>
</testsuite> <!-- Automation.Selenium.workingwithimplicitwait -->
