<?xml version="1.0" encoding="UTF-8"?>
<!-- Generated by org.testng.reporters.JUnitReportReporter -->
<testsuite hostname="DESKTOP-R49C7ER" failures="0" tests="1" name="Automation.Selenium.workingwithdropdownlist" time="0.283" errors="0" timestamp="2021-02-12T18:43:05 EET" skipped="0">
  <testcase classname="Automation.Selenium.workingwithdropdownlist" name="navigate" time="0.283"/>
  <system-out/>
</testsuite> <!-- Automation.Selenium.workingwithdropdownlist -->
