<?xml version="1.0" encoding="UTF-8"?>
<!-- Generated by org.testng.reporters.JUnitReportReporter -->
<testsuite hostname="DESKTOP-R49C7ER" failures="0" tests="1" name="Automation.Selenium.iselementpresent" time="0.115" errors="0" timestamp="2021-02-13T02:02:56 EET" skipped="0">
  <testcase classname="Automation.Selenium.iselementpresent" name="testeee" time="0.115"/>
  <system-out/>
</testsuite> <!-- Automation.Selenium.iselementpresent -->
