<?xml version="1.0" encoding="UTF-8"?>
<!-- Generated by org.testng.reporters.JUnitReportReporter -->
<testsuite hostname="DESKTOP-R49C7ER" failures="0" tests="1" name="Automation.Selenium.workingwithcheckboxes" time="2.217" errors="0" timestamp="2021-02-12T20:27:47 EET" skipped="0">
  <testcase classname="Automation.Selenium.workingwithcheckboxes" name="navigate" time="2.217"/>
  <system-out/>
</testsuite> <!-- Automation.Selenium.workingwithcheckboxes -->
