<?xml version="1.0" encoding="UTF-8"?>
<!-- Generated by org.testng.reporters.JUnitReportReporter -->
<testsuite hostname="DESKTOP-R49C7ER" failures="0" tests="1" name="Automation.Selenium.testbrowserscommands" time="3.645" errors="0" timestamp="2021-02-10T22:58:02 EET" skipped="0">
  <testcase classname="Automation.Selenium.testbrowserscommands" name="navigate" time="3.645"/>
  <system-out/>
</testsuite> <!-- Automation.Selenium.testbrowserscommands -->
