<?xml version="1.0" encoding="UTF-8"?>
<!-- Generated by org.testng.reporters.JUnitReportReporter -->
<testsuite hostname="DESKTOP-R49C7ER" failures="0" tests="1" name="Automation.Selenium.BYid" time="0.168" errors="0" timestamp="2021-02-06T17:22:11 EET" skipped="0">
  <testcase classname="Automation.Selenium.BYid" name="find" time="0.168"/>
  <system-out/>
</testsuite> <!-- Automation.Selenium.BYid -->
