<?xml version="1.0" encoding="UTF-8"?>
<!-- Generated by org.testng.reporters.JUnitReportReporter -->
<testsuite hostname="DESKTOP-R49C7ER" failures="0" tests="1" name="Automation.Selenium.explictwait" time="7.382" errors="0" timestamp="2021-02-19T00:01:57 EET" skipped="0">
  <testcase classname="Automation.Selenium.explictwait" name="implicitwaite" time="7.382"/>
  <system-out/>
</testsuite> <!-- Automation.Selenium.explictwait -->
