<?xml version="1.0" encoding="UTF-8"?>
<!-- Generated by org.testng.reporters.JUnitReportReporter -->
<testsuite hostname="DESKTOP-R49C7ER" failures="0" tests="1" name="Automation.Selenium.doubleclick" time="0.184" errors="0" timestamp="2021-02-13T16:52:17 EET" skipped="0">
  <testcase classname="Automation.Selenium.doubleclick" name="doubleclickk" time="0.184"/>
  <system-out/>
</testsuite> <!-- Automation.Selenium.doubleclick -->
